VCD info: dumpfile ./scripts/verilog/vcd/correlation.vcd opened for output.
out: xxxx
out: 1111
BEGIN SIM           0
out: 0110
END
BEGIN SIM           1
out: 1101
out: 1010
END
out: 1111
BEGIN SIM           2
out: 1011
END
BEGIN SIM           3
out: 0101
out: 0000
END
out: 1100
BEGIN SIM           4
out: 0110
END
BEGIN SIM           5
out: 0000
out: 1000
END
out: 0000
BEGIN SIM           6
out: 1001
END
BEGIN SIM           7
out: 1111
out: 1001
END
out: 1010
BEGIN SIM           8
out: 1111
END
BEGIN SIM           9
out: 1001
out: 0010
END
out: 1001
BEGIN SIM          10
END
BEGIN SIM          11
out: 1101
END
out: 1010
BEGIN SIM          12
out: 0000
END
BEGIN SIM          13
out: 0011
out: 0101
END
out: 0100
BEGIN SIM          14
out: 1010
END
BEGIN SIM          15
out: 0100
out: 1100
END
out: 1000
BEGIN SIM          16
out: 1100
END
BEGIN SIM          17
out: 1001
END
out: 1000
BEGIN SIM          18
out: 0110
END
BEGIN SIM          19
out: 1011
out: 0101
END
out: 1000
BEGIN SIM          20
out: 1011
END
BEGIN SIM          21
out: 1000
out: 0001
END
out: 0100
BEGIN SIM          22
out: 0011
END
BEGIN SIM          23
out: 0111
out: 0110
END
out: 1010
BEGIN SIM          24
out: 0110
END
BEGIN SIM          25
out: 1101
END
out: 1111
BEGIN SIM          26
out: 0000
END
BEGIN SIM          27
out: 0010
out: 1010
END
out: 0000
BEGIN SIM          28
out: 1101
END
BEGIN SIM          29
out: 0100
out: 0111
END
out: 1010
BEGIN SIM          30
out: 0100
END
BEGIN SIM          31
out: 1000
out: 1011
END
out: 0100
BEGIN SIM          32
out: 1111
END
BEGIN SIM          33
out: 0011
out: 0000
END
out: 1101
BEGIN SIM          34
out: 0111
END
BEGIN SIM          35
out: 1101
out: 0001
END
out: 0101
BEGIN SIM          36
out: 1011
END
BEGIN SIM          37
out: 1110
out: 1100
END
out: 1011
BEGIN SIM          38
out: 1000
END
BEGIN SIM          39
out: 1110
out: 0111
END
out: 0011
BEGIN SIM          40
out: 1011
END
BEGIN SIM          41
out: 0110
out: 0111
END
out: 0011
BEGIN SIM          42
out: 0001
END
BEGIN SIM          43
out: 0000
out: 1000
END
out: 0110
BEGIN SIM          44
out: 1010
END
BEGIN SIM          45
out: 0110
out: 0001
END
out: 1101
BEGIN SIM          46
out: 1010
END
BEGIN SIM          47
out: 1000
END
out: 0011
BEGIN SIM          48
out: 1010
END
BEGIN SIM          49
out: 1101
out: 0011
END
out: 0110
BEGIN SIM          50
out: 1010
END
BEGIN SIM          51
out: 0110
END
out: 1111
BEGIN SIM          52
out: 0110
END
BEGIN SIM          53
out: 0001
out: 0011
END
out: 1110
BEGIN SIM          54
out: 0010
END
BEGIN SIM          55
out: 0111
out: 1100
END
BEGIN SIM          56
out: 1101
END
BEGIN SIM          57
out: 1010
out: 1000
END
out: 1111
BEGIN SIM          58
out: 0010
END
BEGIN SIM          59
out: 0100
out: 0110
END
out: 0111
BEGIN SIM          60
out: 1011
END
BEGIN SIM          61
out: 1100
out: 1010
END
out: 1001
BEGIN SIM          62
out: 1110
END
BEGIN SIM          63
out: 0101
END
out: 0000
BEGIN SIM          64
out: 1001
END
BEGIN SIM          65
out: 1100
out: 1001
END
BEGIN SIM          66
out: 1100
END
BEGIN SIM          67
out: 1111
out: 1100
END
out: 1011
BEGIN SIM          68
out: 0110
END
BEGIN SIM          69
out: 0010
out: 0110
END
out: 1001
BEGIN SIM          70
out: 0010
END
BEGIN SIM          71
out: 0001
out: 1101
END
out: 1000
BEGIN SIM          72
out: 1010
END
BEGIN SIM          73
out: 1100
out: 0010
END
out: 1111
BEGIN SIM          74
out: 1000
END
BEGIN SIM          75
out: 1101
END
out: 1100
BEGIN SIM          76
out: 1101
END
BEGIN SIM          77
out: 1001
out: 1000
END
out: 0111
BEGIN SIM          78
out: 1110
END
BEGIN SIM          79
out: 0000
END
out: 1000
BEGIN SIM          80
out: 0000
END
BEGIN SIM          81
out: 0100
out: 1110
END
out: 0110
BEGIN SIM          82
out: 0100
END
BEGIN SIM          83
out: 1111
out: 1000
END
out: 0010
BEGIN SIM          84
out: 1010
END
BEGIN SIM          85
out: 1000
out: 0000
END
out: 1010
BEGIN SIM          86
out: 0111
END
BEGIN SIM          87
out: 0100
out: 1000
END
out: 0001
BEGIN SIM          88
out: 1110
END
BEGIN SIM          89
out: 0100
END
out: 0111
BEGIN SIM          90
out: 0011
END
BEGIN SIM          91
out: 1010
END
out: 0010
BEGIN SIM          92
out: 1010
END
BEGIN SIM          93
out: 0001
out: 0011
END
out: 1101
BEGIN SIM          94
out: 1000
END
BEGIN SIM          95
out: 0000
out: 0100
END
out: 1111
BEGIN SIM          96
out: 1010
END
BEGIN SIM          97
out: 1011
out: 1101
END
out: 1011
BEGIN SIM          98
END
BEGIN SIM          99
out: 1100
out: 1011
END
out: 0000
BEGIN SIM         100
out: 0100
END
BEGIN SIM         101
out: 0000
out: 0010
END
out: 1001
BEGIN SIM         102
out: 0011
END
BEGIN SIM         103
out: 1111
out: 1100
END
out: 0100
BEGIN SIM         104
out: 1100
END
BEGIN SIM         105
out: 1101
END
out: 0100
BEGIN SIM         106
out: 1100
END
BEGIN SIM         107
out: 1010
out: 0101
END
out: 1100
BEGIN SIM         108
out: 1101
END
BEGIN SIM         109
out: 1100
out: 0000
END
out: 1011
BEGIN SIM         110
out: 0011
END
BEGIN SIM         111
out: 0101
out: 1010
END
out: 1000
BEGIN SIM         112
out: 0100
END
BEGIN SIM         113
out: 0000
out: 1111
END
out: 0111
BEGIN SIM         114
out: 1110
END
BEGIN SIM         115
out: 0001
END
out: 0100
BEGIN SIM         116
out: 1110
END
BEGIN SIM         117
out: 0111
END
out: 1001
BEGIN SIM         118
out: 0011
END
BEGIN SIM         119
out: 1111
out: 1000
END
out: 1111
BEGIN SIM         120
out: 1000
END
BEGIN SIM         121
out: 0001
END
out: 1000
BEGIN SIM         122
out: 1010
END
BEGIN SIM         123
out: 1101
out: 0111
END
out: 1001
BEGIN SIM         124
END
BEGIN SIM         125
out: 1011
out: 1001
END
out: 1100
BEGIN SIM         126
out: 1011
END
BEGIN SIM         127
out: 1101
out: 1011
END
out: 1110
BEGIN SIM         128
out: 1010
END
BEGIN SIM         129
out: 0001
out: 1010
END
out: 1111
BEGIN SIM         130
out: 1100
END
BEGIN SIM         131
out: 1001
out: 1111
END
out: 0111
BEGIN SIM         132
out: 0110
END
BEGIN SIM         133
out: 1100
out: 0100
END
out: 1110
BEGIN SIM         134
out: 0101
END
BEGIN SIM         135
out: 0111
out: 1100
END
out: 1111
BEGIN SIM         136
out: 0000
END
BEGIN SIM         137
out: 1100
out: 1101
END
out: 0110
BEGIN SIM         138
out: 1000
END
BEGIN SIM         139
out: 1110
out: 0011
END
out: 0100
BEGIN SIM         140
out: 0011
END
BEGIN SIM         141
out: 1010
END
out: 0011
BEGIN SIM         142
out: 0100
END
BEGIN SIM         143
out: 1000
out: 0110
END
out: 0001
BEGIN SIM         144
out: 1000
END
BEGIN SIM         145
out: 1101
out: 0111
END
out: 0010
BEGIN SIM         146
out: 1000
END
BEGIN SIM         147
out: 1100
out: 0101
END
out: 1011
BEGIN SIM         148
out: 0110
END
BEGIN SIM         149
out: 0101
out: 1110
END
out: 0000
BEGIN SIM         150
out: 1101
END
BEGIN SIM         151
out: 0100
out: 1101
END
out: 1111
BEGIN SIM         152
END
BEGIN SIM         153
out: 0101
out: 0011
END
out: 1101
BEGIN SIM         154
out: 1011
END
BEGIN SIM         155
out: 0001
out: 1111
END
out: 1110
BEGIN SIM         156
out: 0111
END
BEGIN SIM         157
out: 1000
out: 1011
END
out: 0110
BEGIN SIM         158
out: 0101
END
BEGIN SIM         159
out: 0111
out: 1100
END
out: 0001
BEGIN SIM         160
out: 1100
END
BEGIN SIM         161
out: 1010
out: 0010
END
out: 0011
BEGIN SIM         162
out: 0001
END
BEGIN SIM         163
out: 1110
out: 1101
END
out: 1110
BEGIN SIM         164
out: 1001
END
BEGIN SIM         165
out: 0011
out: 0111
END
out: 1101
BEGIN SIM         166
out: 0111
END
BEGIN SIM         167
out: 1101
out: 1000
END
out: 0000
BEGIN SIM         168
out: 0111
END
BEGIN SIM         169
out: 0011
out: 0001
END
out: 0000
BEGIN SIM         170
out: 1011
END
BEGIN SIM         171
out: 0110
out: 0100
END
out: 1010
BEGIN SIM         172
out: 0100
END
BEGIN SIM         173
out: 0111
out: 1111
END
out: 1001
BEGIN SIM         174
out: 0101
END
BEGIN SIM         175
out: 1001
out: 1011
END
out: 1010
BEGIN SIM         176
out: 0011
END
BEGIN SIM         177
out: 0101
out: 1110
END
out: 0101
BEGIN SIM         178
out: 0110
END
BEGIN SIM         179
out: 1100
out: 1111
END
out: 1010
BEGIN SIM         180
out: 0011
END
BEGIN SIM         181
out: 0110
out: 1010
END
out: 0000
BEGIN SIM         182
out: 1001
END
BEGIN SIM         183
out: 0110
out: 0100
END
BEGIN SIM         184
out: 1001
END
BEGIN SIM         185
out: 0110
out: 1000
END
out: 0001
BEGIN SIM         186
out: 1111
END
BEGIN SIM         187
out: 1110
out: 0011
END
out: 0111
BEGIN SIM         188
out: 1100
END
BEGIN SIM         189
out: 0101
out: 1011
END
out: 1001
BEGIN SIM         190
out: 1101
END
BEGIN SIM         191
out: 1110
out: 1111
END
out: 0001
BEGIN SIM         192
out: 1100
END
BEGIN SIM         193
out: 1101
out: 0111
END
out: 0011
BEGIN SIM         194
out: 1011
END
BEGIN SIM         195
out: 0011
out: 1010
END
out: 1111
BEGIN SIM         196
out: 0001
END
BEGIN SIM         197
out: 1000
out: 0001
END
out: 1001
BEGIN SIM         198
out: 0110
END
BEGIN SIM         199
out: 0010
out: 0001
END
out: 1101
BEGIN SIM         200
out: 0001
END
BEGIN SIM         201
out: 1010
out: 0110
END
out: 1100
BEGIN SIM         202
out: 1000
END
BEGIN SIM         203
out: 0101
out: 0110
END
out: 0010
BEGIN SIM         204
out: 1110
END
BEGIN SIM         205
out: 0110
END
out: 0011
BEGIN SIM         206
out: 1110
END
BEGIN SIM         207
out: 1011
out: 0001
END
out: 0101
BEGIN SIM         208
out: 1110
END
BEGIN SIM         209
out: 1101
out: 0001
END
out: 0110
BEGIN SIM         210
out: 0011
END
BEGIN SIM         211
out: 1110
out: 1010
END
out: 1011
BEGIN SIM         212
out: 1101
END
BEGIN SIM         213
out: 0110
END
out: 0100
BEGIN SIM         214
out: 1001
END
BEGIN SIM         215
out: 1010
out: 0101
END
out: 1001
BEGIN SIM         216
out: 1110
END
BEGIN SIM         217
out: 0101
END
out: 1011
BEGIN SIM         218
out: 0100
END
BEGIN SIM         219
out: 1001
out: 1010
END
out: 0111
BEGIN SIM         220
out: 0100
END
BEGIN SIM         221
out: 1111
out: 0001
END
out: 0110
BEGIN SIM         222
END
BEGIN SIM         223
out: 0000
out: 1000
END
out: 1010
BEGIN SIM         224
out: 1100
END
BEGIN SIM         225
out: 0111
out: 1111
END
out: 1110
BEGIN SIM         226
out: 1100
END
BEGIN SIM         227
out: 1101
out: 0100
END
out: 1011
BEGIN SIM         228
out: 1000
END
BEGIN SIM         229
out: 1100
out: 0100
END
out: 1111
BEGIN SIM         230
out: 0001
END
BEGIN SIM         231
out: 0000
out: 0111
END
out: 1111
BEGIN SIM         232
out: 1010
END
BEGIN SIM         233
out: 0001
out: 0011
END
out: 0101
BEGIN SIM         234
out: 0011
END
BEGIN SIM         235
out: 1100
out: 1000
END
out: 1011
BEGIN SIM         236
out: 1100
END
BEGIN SIM         237
out: 0101
out: 0010
END
out: 1000
BEGIN SIM         238
END
BEGIN SIM         239
out: 1101
out: 0111
END
out: 0101
BEGIN SIM         240
out: 1111
END
BEGIN SIM         241
out: 0010
out: 0111
END
out: 1011
BEGIN SIM         242
out: 0011
END
BEGIN SIM         243
out: 0100
out: 0001
END
out: 1011
BEGIN SIM         244
out: 0000
END
BEGIN SIM         245
out: 1000
END
out: 1001
BEGIN SIM         246
out: 0010
END
BEGIN SIM         247
out: 0110
out: 1110
END
out: 0001
BEGIN SIM         248
out: 0011
END
BEGIN SIM         249
out: 1010
out: 0101
END
out: 1111
BEGIN SIM         250
out: 1101
END
BEGIN SIM         251
out: 1000
out: 0110
END
out: 1000
BEGIN SIM         252
out: 1100
END
BEGIN SIM         253
out: 0011
out: 1010
END
out: 0110
BEGIN SIM         254
out: 1011
END
BEGIN SIM         255
out: 1110
out: 1101
END
out: 0000
BEGIN SIM         256
out: 1001
END
BEGIN SIM         257
out: 1010
out: 0111
END
out: 1010
BEGIN SIM         258
out: 0000
END
BEGIN SIM         259
out: 1001
out: 0000
END
out: 1101
BEGIN SIM         260
out: 0100
END
BEGIN SIM         261
out: 1101
out: 0110
END
out: 0001
BEGIN SIM         262
out: 1101
END
BEGIN SIM         263
out: 1000
END
out: 1011
BEGIN SIM         264
out: 1000
END
BEGIN SIM         265
out: 1011
END
out: 1010
BEGIN SIM         266
out: 0001
END
BEGIN SIM         267
out: 1010
out: 0011
END
out: 1011
BEGIN SIM         268
out: 0110
END
BEGIN SIM         269
out: 1111
out: 1011
END
out: 1111
BEGIN SIM         270
out: 1110
END
BEGIN SIM         271
out: 0010
out: 1111
END
out: 1100
BEGIN SIM         272
out: 0100
END
BEGIN SIM         273
out: 1011
out: 0000
END
out: 0101
BEGIN SIM         274
out: 0110
END
BEGIN SIM         275
out: 0010
out: 1000
END
out: 0000
BEGIN SIM         276
out: 0001
END
BEGIN SIM         277
out: 0100
out: 0110
END
out: 0001
BEGIN SIM         278
out: 0011
END
BEGIN SIM         279
out: 1001
out: 1000
END
out: 0010
BEGIN SIM         280
END
BEGIN SIM         281
out: 1000
out: 0100
END
out: 0101
BEGIN SIM         282
out: 1110
END
BEGIN SIM         283
out: 0000
out: 1001
END
out: 0110
BEGIN SIM         284
END
BEGIN SIM         285
out: 1001
out: 0000
END
BEGIN SIM         286
out: 0010
END
BEGIN SIM         287
out: 1110
out: 0011
END
out: 1010
BEGIN SIM         288
out: 0011
END
BEGIN SIM         289
out: 0001
out: 1111
END
out: 1101
BEGIN SIM         290
out: 0110
END
BEGIN SIM         291
out: 0111
END
out: 1010
BEGIN SIM         292
out: 0101
END
BEGIN SIM         293
out: 1100
out: 1110
END
out: 0100
BEGIN SIM         294
out: 1010
END
BEGIN SIM         295
out: 0000
END
out: 1011
BEGIN SIM         296
out: 1000
END
BEGIN SIM         297
out: 1101
out: 0011
END
out: 1101
BEGIN SIM         298
out: 1100
END
BEGIN SIM         299
out: 1101
out: 0100
END
out: 1111
BEGIN SIM         300
out: 1000
END
BEGIN SIM         301
out: 1010
out: 1001
END
out: 0001
BEGIN SIM         302
out: 1110
END
BEGIN SIM         303
out: 0011
out: 1101
END
out: 1111
BEGIN SIM         304
out: 1000
END
BEGIN SIM         305
out: 1010
out: 1111
END
out: 1001
BEGIN SIM         306
out: 0000
END
BEGIN SIM         307
out: 0101
out: 0110
END
out: 1000
BEGIN SIM         308
out: 0010
END
BEGIN SIM         309
out: 0011
out: 1011
END
out: 0011
BEGIN SIM         310
END
BEGIN SIM         311
out: 0000
out: 1101
END
out: 0110
BEGIN SIM         312
out: 1001
END
BEGIN SIM         313
out: 0101
out: 1100
END
out: 1111
BEGIN SIM         314
out: 1100
END
BEGIN SIM         315
out: 1101
out: 1100
END
out: 0000
BEGIN SIM         316
out: 1100
END
BEGIN SIM         317
out: 0111
out: 0010
END
out: 0111
BEGIN SIM         318
out: 1001
END
BEGIN SIM         319
out: 1000
out: 1101
END
out: 1110
BEGIN SIM         320
out: 0111
END
BEGIN SIM         321
out: 0000
out: 0100
END
out: 0010
BEGIN SIM         322
out: 1000
END
BEGIN SIM         323
out: 0010
out: 0000
END
out: 1110
BEGIN SIM         324
out: 1000
END
BEGIN SIM         325
out: 1111
END
out: 1110
BEGIN SIM         326
out: 0000
END
BEGIN SIM         327
out: 0001
out: 0011
END
out: 0101
BEGIN SIM         328
out: 0011
END
BEGIN SIM         329
out: 0100
out: 1101
END
out: 0111
BEGIN SIM         330
out: 1010
END
BEGIN SIM         331
out: 0100
out: 0000
END
out: 0110
BEGIN SIM         332
out: 1010
END
BEGIN SIM         333
out: 0100
out: 0010
END
out: 1111
BEGIN SIM         334
out: 1101
END
BEGIN SIM         335
out: 0101
out: 1100
END
out: 0001
BEGIN SIM         336
out: 1111
END
BEGIN SIM         337
out: 1110
out: 1100
END
out: 1110
BEGIN SIM         338
out: 1010
END
BEGIN SIM         339
out: 1100
out: 1001
END
out: 0110
BEGIN SIM         340
out: 0101
END
BEGIN SIM         341
out: 1100
out: 0011
END
out: 1111
BEGIN SIM         342
END
BEGIN SIM         343
out: 0110
END
out: 0100
BEGIN SIM         344
out: 1001
END
BEGIN SIM         345
out: 0000
out: 1001
END
out: 1100
BEGIN SIM         346
out: 0110
END
BEGIN SIM         347
out: 0100
END
out: 0110
BEGIN SIM         348
out: 1110
END
BEGIN SIM         349
out: 0101
out: 0110
END
out: 0111
BEGIN SIM         350
out: 1010
END
BEGIN SIM         351
out: 0001
out: 1101
END
BEGIN SIM         352
out: 1000
END
BEGIN SIM         353
out: 1101
out: 1000
END
out: 1101
BEGIN SIM         354
out: 0001
END
BEGIN SIM         355
out: 0100
out: 1001
END
out: 1110
BEGIN SIM         356
out: 0010
END
BEGIN SIM         357
out: 1011
END
out: 0101
BEGIN SIM         358
out: 0111
END
BEGIN SIM         359
out: 1011
out: 0011
END
out: 1110
BEGIN SIM         360
out: 1011
END
BEGIN SIM         361
out: 1110
END
out: 1000
BEGIN SIM         362
out: 1101
END
BEGIN SIM         363
out: 1010
out: 1101
END
out: 0110
BEGIN SIM         364
out: 1111
END
BEGIN SIM         365
out: 0111
out: 1001
END
out: 0111
BEGIN SIM         366
out: 0001
END
BEGIN SIM         367
out: 1100
out: 0100
END
out: 1000
BEGIN SIM         368
out: 1011
END
BEGIN SIM         369
out: 0101
out: 0111
END
out: 0101
BEGIN SIM         370
out: 0010
END
BEGIN SIM         371
out: 0111
out: 1111
END
BEGIN SIM         372
out: 1110
END
BEGIN SIM         373
out: 1100
out: 0110
END
out: 1110
BEGIN SIM         374
END
BEGIN SIM         375
out: 0100
out: 1111
END
out: 1001
BEGIN SIM         376
out: 0111
END
BEGIN SIM         377
out: 1100
out: 1110
END
out: 0111
BEGIN SIM         378
out: 1000
END
BEGIN SIM         379
out: 1101
out: 0111
END
out: 1100
BEGIN SIM         380
out: 0011
END
BEGIN SIM         381
out: 1100
out: 1111
END
out: 1110
BEGIN SIM         382
out: 1111
END
BEGIN SIM         383
out: 0010
out: 0011
END
BEGIN SIM         384
out: 1000
END
BEGIN SIM         385
out: 1001
END
out: 0110
BEGIN SIM         386
out: 0001
END
BEGIN SIM         387
out: 1101
out: 1110
END
out: 1100
BEGIN SIM         388
out: 0010
END
BEGIN SIM         389
out: 0001
out: 0011
END
out: 1110
BEGIN SIM         390
out: 1111
END
BEGIN SIM         391
out: 0110
out: 0010
END
out: 0101
BEGIN SIM         392
out: 0111
END
BEGIN SIM         393
out: 0010
out: 1001
END
out: 1110
BEGIN SIM         394
out: 0011
END
BEGIN SIM         395
out: 0110
out: 1011
END
out: 1010
BEGIN SIM         396
out: 0100
END
BEGIN SIM         397
out: 1000
END
out: 1111
BEGIN SIM         398
out: 1110
END
BEGIN SIM         399
out: 0101
out: 1001
END
out: 0110
BEGIN SIM         400
out: 0011
END
BEGIN SIM         401
out: 0110
END
BEGIN SIM         402
out: 1000
END
BEGIN SIM         403
out: 1111
out: 0011
END
out: 0101
BEGIN SIM         404
out: 1001
END
BEGIN SIM         405
out: 1110
out: 1001
END
out: 0001
BEGIN SIM         406
out: 1100
END
BEGIN SIM         407
out: 0110
out: 1011
END
out: 0001
BEGIN SIM         408
out: 1101
END
BEGIN SIM         409
out: 1111
out: 0000
END
out: 0110
BEGIN SIM         410
out: 1100
END
BEGIN SIM         411
out: 1011
out: 1001
END
out: 0001
BEGIN SIM         412
out: 1110
END
BEGIN SIM         413
out: 0100
out: 0111
END
out: 0100
BEGIN SIM         414
out: 0001
END
BEGIN SIM         415
out: 1111
out: 0010
END
out: 1111
BEGIN SIM         416
out: 0101
END
BEGIN SIM         417
out: 1011
out: 0110
END
out: 1100
BEGIN SIM         418
END
BEGIN SIM         419
out: 0111
out: 0100
END
out: 0101
BEGIN SIM         420
out: 0111
END
BEGIN SIM         421
out: 0100
out: 1110
END
out: 1010
BEGIN SIM         422
out: 0111
END
BEGIN SIM         423
out: 0101
out: 0001
END
out: 0100
BEGIN SIM         424
out: 1001
END
BEGIN SIM         425
out: 0110
out: 0011
END
out: 1001
BEGIN SIM         426
out: 1111
END
BEGIN SIM         427
out: 1000
END
out: 1111
BEGIN SIM         428
out: 1110
END
BEGIN SIM         429
out: 0110
out: 1111
END
out: 1010
BEGIN SIM         430
out: 1000
END
BEGIN SIM         431
out: 1110
out: 0011
END
out: 0000
BEGIN SIM         432
out: 0011
END
BEGIN SIM         433
out: 0110
out: 0111
END
out: 0001
BEGIN SIM         434
out: 1110
END
BEGIN SIM         435
out: 1101
out: 1111
END
out: 0111
BEGIN SIM         436
out: 1001
END
BEGIN SIM         437
out: 0100
out: 1010
END
out: 1001
BEGIN SIM         438
out: 1100
END
BEGIN SIM         439
out: 0011
out: 1001
END
out: 1011
BEGIN SIM         440
out: 0111
END
BEGIN SIM         441
out: 0010
out: 1111
END
out: 0111
BEGIN SIM         442
out: 0000
END
BEGIN SIM         443
out: 0011
out: 1101
END
out: 0000
BEGIN SIM         444
out: 1110
END
BEGIN SIM         445
out: 1000
out: 0111
END
out: 1100
BEGIN SIM         446
out: 0010
END
BEGIN SIM         447
out: 1001
out: 1110
END
out: 0000
BEGIN SIM         448
out: 1010
END
BEGIN SIM         449
out: 0000
out: 0001
END
out: 0011
BEGIN SIM         450
out: 0001
END
BEGIN SIM         451
out: 1110
out: 1101
END
out: 0000
BEGIN SIM         452
out: 0011
END
BEGIN SIM         453
out: 0010
out: 0111
END
out: 0001
BEGIN SIM         454
out: 1001
END
BEGIN SIM         455
out: 0001
out: 0000
END
out: 0001
BEGIN SIM         456
out: 1000
END
BEGIN SIM         457
out: 0001
out: 1001
END
out: 1110
BEGIN SIM         458
out: 1011
END
BEGIN SIM         459
out: 1100
out: 0111
END
out: 1111
BEGIN SIM         460
END
BEGIN SIM         461
out: 0001
out: 0011
END
out: 0000
BEGIN SIM         462
out: 1111
END
BEGIN SIM         463
out: 0101
out: 0010
END
out: 1001
BEGIN SIM         464
out: 0010
END
BEGIN SIM         465
out: 0001
out: 1011
END
out: 1001
BEGIN SIM         466
out: 0011
END
BEGIN SIM         467
out: 1011
out: 1110
END
out: 1111
BEGIN SIM         468
out: 1000
END
BEGIN SIM         469
out: 0101
out: 1001
END
out: 0101
BEGIN SIM         470
END
BEGIN SIM         471
out: 0010
out: 1111
END
out: 1001
BEGIN SIM         472
out: 1111
END
BEGIN SIM         473
out: 0101
out: 0001
END
out: 1111
BEGIN SIM         474
out: 1010
END
BEGIN SIM         475
out: 1110
END
out: 1001
BEGIN SIM         476
out: 1100
END
BEGIN SIM         477
out: 1010
END
out: 1101
BEGIN SIM         478
out: 0110
END
BEGIN SIM         479
out: 1011
out: 0101
END
out: 0000
BEGIN SIM         480
out: 1001
END
BEGIN SIM         481
out: 1010
out: 0000
END
out: 1010
BEGIN SIM         482
out: 0010
END
BEGIN SIM         483
out: 1011
out: 0101
END
out: 1100
BEGIN SIM         484
out: 0101
END
BEGIN SIM         485
out: 0110
END
out: 0000
BEGIN SIM         486
out: 1101
END
BEGIN SIM         487
out: 1001
out: 0010
END
out: 1100
BEGIN SIM         488
out: 0010
END
BEGIN SIM         489
out: 1100
END
out: 1000
BEGIN SIM         490
out: 1001
END
BEGIN SIM         491
out: 0110
out: 0111
END
BEGIN SIM         492
out: 0011
END
BEGIN SIM         493
out: 0001
out: 1010
END
out: 0100
BEGIN SIM         494
out: 0000
END
BEGIN SIM         495
out: 1000
out: 1101
END
out: 1111
BEGIN SIM         496
END
BEGIN SIM         497
out: 1101
out: 0000
END
out: 1100
BEGIN SIM         498
out: 0000
END
BEGIN SIM         499
out: 0010
END
out: 1001
BEGIN SIM         500
out: 0001
END
BEGIN SIM         501
out: 0000
out: 0111
END
out: 1110
BEGIN SIM         502
out: 0011
END
BEGIN SIM         503
out: 1011
out: 0111
END
out: 0101
BEGIN SIM         504
out: 0110
END
BEGIN SIM         505
out: 0010
END
out: 1111
BEGIN SIM         506
out: 1000
END
BEGIN SIM         507
out: 0101
out: 1101
END
out: 1100
BEGIN SIM         508
out: 0101
END
BEGIN SIM         509
out: 0111
out: 0001
END
out: 1010
BEGIN SIM         510
out: 0110
END
BEGIN SIM         511
out: 1111
out: 1011
END
out: 1010
BEGIN SIM         512
out: 1110
END
BEGIN SIM         513
out: 0100
out: 0111
END
out: 1110
BEGIN SIM         514
out: 1011
END
BEGIN SIM         515
out: 1111
out: 1000
END
BEGIN SIM         516
out: 1111
END
BEGIN SIM         517
out: 0110
out: 1101
END
out: 1110
BEGIN SIM         518
out: 0010
END
BEGIN SIM         519
out: 1010
out: 1101
END
out: 1011
BEGIN SIM         520
out: 1111
END
BEGIN SIM         521
out: 1000
out: 0001
END
out: 1101
BEGIN SIM         522
out: 1000
END
BEGIN SIM         523
out: 1010
out: 1000
END
out: 1011
BEGIN SIM         524
out: 0011
END
BEGIN SIM         525
out: 0101
out: 1000
END
out: 0000
BEGIN SIM         526
out: 0101
END
BEGIN SIM         527
out: 0110
out: 1110
END
out: 1100
BEGIN SIM         528
out: 1110
END
BEGIN SIM         529
out: 1000
out: 0111
END
out: 1011
BEGIN SIM         530
out: 0001
END
BEGIN SIM         531
out: 1000
END
out: 0000
BEGIN SIM         532
out: 0001
END
BEGIN SIM         533
out: 1000
out: 1110
END
out: 1001
BEGIN SIM         534
out: 1100
END
BEGIN SIM         535
out: 0000
out: 0100
END
out: 1001
BEGIN SIM         536
out: 0101
END
BEGIN SIM         537
out: 0100
out: 1101
END
out: 0000
BEGIN SIM         538
out: 0110
END
BEGIN SIM         539
out: 1001
out: 0111
END
out: 0010
BEGIN SIM         540
out: 0001
END
BEGIN SIM         541
out: 1100
out: 1001
END
out: 1111
BEGIN SIM         542
out: 1011
END
BEGIN SIM         543
out: 0111
out: 1111
END
out: 0111
BEGIN SIM         544
out: 0010
END
BEGIN SIM         545
out: 1100
out: 1101
END
out: 1000
BEGIN SIM         546
out: 1010
END
BEGIN SIM         547
out: 0110
out: 0010
END
out: 0011
BEGIN SIM         548
out: 0111
END
BEGIN SIM         549
out: 0001
out: 1011
END
out: 1010
BEGIN SIM         550
out: 0111
END
BEGIN SIM         551
out: 1111
out: 1110
END
out: 1100
BEGIN SIM         552
out: 1110
END
BEGIN SIM         553
out: 1001
out: 0111
END
out: 0101
BEGIN SIM         554
out: 0011
END
BEGIN SIM         555
out: 0001
out: 1100
END
BEGIN SIM         556
out: 1110
END
BEGIN SIM         557
out: 0110
out: 1110
END
out: 1101
BEGIN SIM         558
out: 1011
END
BEGIN SIM         559
out: 1000
out: 0101
END
out: 1101
BEGIN SIM         560
out: 0100
END
BEGIN SIM         561
out: 0101
out: 0000
END
out: 0110
BEGIN SIM         562
out: 1100
END
BEGIN SIM         563
out: 1000
out: 0111
END
out: 1101
BEGIN SIM         564
out: 1001
END
BEGIN SIM         565
out: 0111
out: 0101
END
out: 0110
BEGIN SIM         566
out: 0101
END
BEGIN SIM         567
out: 0010
out: 0011
END
out: 0100
BEGIN SIM         568
out: 0111
END
BEGIN SIM         569
out: 1110
out: 1100
END
out: 1001
BEGIN SIM         570
out: 1000
END
BEGIN SIM         571
out: 1100
out: 0101
END
out: 1011
BEGIN SIM         572
END
BEGIN SIM         573
out: 0000
out: 0001
END
out: 1001
BEGIN SIM         574
END
