VCD info: dumpfile ./scripts/verilog/vcd/correlation.vcd opened for output.
out: xxxx
out: 0111
BEGIN SIM           0
out: 0011
END
BEGIN SIM           1
out: 1100
out: 1111
out: 0110
out: 1010
END
out: 0111
out: 1100
BEGIN SIM           2
out: 1010
out: 1100
END
BEGIN SIM           3
out: 0011
out: 1000
out: 0010
out: 1011
END
out: 0100
out: 0011
BEGIN SIM           4
out: 1111
END
BEGIN SIM           5
out: 0100
out: 0101
out: 0110
out: 1001
END
out: 0001
out: 0000
BEGIN SIM           6
out: 1110
out: 0010
END
BEGIN SIM           7
out: 0000
out: 0110
out: 0101
out: 0011
END
out: 0100
out: 0101
BEGIN SIM           8
out: 1010
out: 0000
END
BEGIN SIM           9
out: 1111
out: 1001
out: 0110
END
out: 1101
out: 1010
BEGIN SIM          10
out: 1011
out: 1111
END
BEGIN SIM          11
out: 1110
out: 1001
out: 1101
out: 1111
END
out: 1011
BEGIN SIM          12
out: 0100
out: 0110
END
BEGIN SIM          13
out: 0111
out: 0101
out: 1110
out: 0000
END
out: 0010
out: 0000
BEGIN SIM          14
out: 0001
out: 1001
END
BEGIN SIM          15
out: 1000
out: 1010
out: 1001
out: 1100
END
out: 1000
out: 0000
BEGIN SIM          16
out: 1000
out: 0100
END
BEGIN SIM          17
out: 1001
out: 0000
out: 1001
out: 0101
END
out: 0110
out: 1001
BEGIN SIM          18
out: 0001
out: 1100
END
BEGIN SIM          19
out: 1001
out: 1100
END
out: 1110
out: 0011
BEGIN SIM          20
out: 0100
out: 0101
END
BEGIN SIM          21
out: 1110
out: 0111
out: 0100
out: 0110
END
out: 1100
BEGIN SIM          22
out: 0000
out: 0101
END
BEGIN SIM          23
out: 1001
out: 1000
out: 0011
out: 0101
END
out: 1110
BEGIN SIM          24
out: 0110
out: 1001
END
BEGIN SIM          25
out: 0001
out: 1100
out: 0100
out: 1100
END
out: 0111
out: 1111
BEGIN SIM          26
out: 0000
out: 0011
END
BEGIN SIM          27
out: 1111
out: 0011
out: 0000
out: 1010
END
out: 0000
BEGIN SIM          28
out: 1110
out: 0101
END
BEGIN SIM          29
out: 0100
out: 1101
out: 0001
out: 0010
END
out: 1010
out: 1001
BEGIN SIM          30
out: 0001
out: 0111
END
BEGIN SIM          31
out: 0100
out: 1001
out: 0010
out: 0101
END
out: 0110
out: 0101
BEGIN SIM          32
out: 1100
out: 1001
END
BEGIN SIM          33
out: 0000
out: 1001
out: 1010
END
out: 0010
out: 1100
BEGIN SIM          34
out: 1111
END
BEGIN SIM          35
out: 1011
out: 0101
out: 1101
out: 0000
END
out: 0110
out: 1000
BEGIN SIM          36
out: 1111
out: 0001
END
BEGIN SIM          37
out: 0101
out: 0011
out: 0110
out: 1001
END
out: 1010
out: 0101
BEGIN SIM          38
out: 0110
out: 1110
END
BEGIN SIM          39
out: 1011
out: 0011
out: 0100
out: 0000
END
out: 0110
out: 0101
BEGIN SIM          40
out: 0100
out: 0111
END
BEGIN SIM          41
out: 0110
out: 1010
out: 0101
END
out: 0110
out: 1010
BEGIN SIM          42
out: 0101
out: 0110
END
BEGIN SIM          43
out: 0001
out: 0010
out: 1101
out: 1111
END
out: 0111
out: 0110
BEGIN SIM          44
out: 1010
out: 0010
END
BEGIN SIM          45
out: 0111
out: 0110
out: 1100
out: 0001
END
out: 1010
out: 1111
BEGIN SIM          46
out: 0011
out: 1100
END
BEGIN SIM          47
out: 0011
out: 0000
out: 1100
END
out: 0011
BEGIN SIM          48
out: 1111
out: 0001
END
BEGIN SIM          49
out: 0010
out: 1110
out: 0000
out: 1101
END
out: 1110
out: 0101
BEGIN SIM          50
out: 1101
out: 1000
END
BEGIN SIM          51
out: 0010
out: 0100
out: 1011
out: 0000
END
out: 0100
out: 1011
BEGIN SIM          52
out: 1101
END
BEGIN SIM          53
out: 1000
out: 1001
out: 1010
out: 0101
END
out: 1001
out: 1100
BEGIN SIM          54
out: 1000
out: 1111
END
BEGIN SIM          55
out: 0101
out: 0111
END
out: 0110
out: 0101
BEGIN SIM          56
out: 0000
END
BEGIN SIM          57
out: 1101
out: 0011
out: 0010
out: 0110
END
out: 1010
out: 1001
BEGIN SIM          58
out: 1101
out: 0010
END
BEGIN SIM          59
out: 1101
out: 1001
out: 1011
out: 0000
END
out: 1001
out: 0110
BEGIN SIM          60
out: 0010
out: 1000
END
BEGIN SIM          61
out: 0011
out: 0110
out: 1000
out: 1001
END
out: 0100
out: 0011
BEGIN SIM          62
out: 0111
out: 0011
END
BEGIN SIM          63
out: 0101
out: 1100
out: 0010
out: 1001
END
out: 1010
BEGIN SIM          64
out: 1110
out: 0000
END
BEGIN SIM          65
out: 1000
out: 0011
out: 1111
out: 1010
END
out: 0110
out: 1110
BEGIN SIM          66
out: 0001
out: 1001
END
BEGIN SIM          67
out: 0101
out: 0110
END
out: 0010
out: 1001
BEGIN SIM          68
out: 1000
out: 1010
END
BEGIN SIM          69
out: 0110
out: 1100
out: 1110
out: 1100
END
out: 0110
out: 0101
BEGIN SIM          70
out: 0011
out: 1101
END
BEGIN SIM          71
out: 1111
out: 1101
out: 1110
END
out: 1100
out: 0011
BEGIN SIM          72
out: 1000
out: 1100
END
BEGIN SIM          73
out: 0000
out: 0110
out: 0011
out: 0000
END
out: 0110
out: 1111
BEGIN SIM          74
out: 0000
out: 1100
END
BEGIN SIM          75
out: 0111
out: 0000
out: 0101
out: 0000
END
out: 0110
out: 0101
BEGIN SIM          76
out: 1001
out: 1110
END
BEGIN SIM          77
out: 0001
out: 0101
out: 1111
END
out: 1010
out: 0011
BEGIN SIM          78
out: 0001
out: 0110
END
BEGIN SIM          79
out: 1001
out: 1110
out: 1111
out: 0111
END
out: 1111
out: 0000
BEGIN SIM          80
out: 1001
END
BEGIN SIM          81
out: 1010
out: 0011
out: 0100
out: 0000
END
out: 1100
out: 0000
BEGIN SIM          82
out: 1011
out: 0110
END
BEGIN SIM          83
out: 1001
out: 0101
out: 0100
END
out: 0111
out: 0011
BEGIN SIM          84
out: 1111
out: 0110
END
BEGIN SIM          85
out: 1001
out: 0101
out: 1000
out: 1010
END
out: 0111
out: 0110
BEGIN SIM          86
out: 0101
out: 1011
END
BEGIN SIM          87
out: 0101
out: 0110
out: 0111
END
out: 0000
out: 0001
BEGIN SIM          88
out: 1101
out: 1010
END
BEGIN SIM          89
out: 0100
out: 1100
out: 0100
END
out: 1111
out: 1110
BEGIN SIM          90
out: 0101
out: 1011
END
BEGIN SIM          91
out: 1100
out: 0100
out: 1110
END
out: 0000
out: 0100
BEGIN SIM          92
out: 0001
out: 1000
END
BEGIN SIM          93
out: 1111
out: 0001
out: 0101
END
out: 1100
out: 1010
BEGIN SIM          94
out: 1001
out: 0101
END
BEGIN SIM          95
out: 0100
out: 0110
out: 1100
out: 0000
END
out: 1001
out: 1010
BEGIN SIM          96
out: 1011
out: 0101
END
BEGIN SIM          97
out: 1001
out: 0100
out: 0110
END
out: 1011
out: 1010
BEGIN SIM          98
out: 0110
out: 1111
END
BEGIN SIM          99
out: 1100
out: 1000
out: 1110
out: 0001
END
out: 1000
out: 0011
BEGIN SIM         100
out: 1010
END
BEGIN SIM         101
out: 1000
out: 0101
out: 0011
END
out: 0111
out: 0100
BEGIN SIM         102
out: 1100
out: 1110
END
BEGIN SIM         103
out: 1010
out: 0101
out: 1111
out: 1110
END
out: 0010
out: 0001
BEGIN SIM         104
out: 1111
out: 0000
END
BEGIN SIM         105
out: 0011
out: 1010
out: 1111
out: 1100
END
out: 1001
out: 1010
BEGIN SIM         106
out: 1110
out: 0101
END
BEGIN SIM         107
out: 1001
out: 0110
out: 0010
out: 1100
END
out: 0100
BEGIN SIM         108
out: 1100
out: 0110
END
BEGIN SIM         109
out: 0101
out: 0011
out: 1100
out: 1101
END
out: 0111
BEGIN SIM         110
out: 1001
out: 0001
END
BEGIN SIM         111
out: 1100
out: 1111
out: 0000
out: 0110
END
out: 1111
out: 0110
BEGIN SIM         112
out: 0111
out: 1001
END
BEGIN SIM         113
out: 1101
out: 1110
out: 1100
END
out: 1110
out: 0011
BEGIN SIM         114
out: 1101
out: 1011
END
BEGIN SIM         115
out: 0111
out: 0101
out: 1001
out: 1010
END
out: 1101
out: 0110
BEGIN SIM         116
out: 0100
out: 1100
END
BEGIN SIM         117
out: 0010
out: 1011
out: 1001
out: 0000
END
out: 0111
out: 0001
BEGIN SIM         118
out: 1000
out: 0111
END
BEGIN SIM         119
out: 1111
out: 0011
END
out: 1011
BEGIN SIM         120
out: 0111
out: 1010
END
