VCD info: dumpfile ./scripts/verilog/vcd/correlation.vcd opened for output.
out: 0
BEGIN SIM           0
END
BEGIN SIM           1
END
BEGIN SIM           2
END
BEGIN SIM           3
out: 1
END
out: 0
BEGIN SIM           4
out: 1
END
out: 0
BEGIN SIM           5
out: 1
END
out: 0
BEGIN SIM           6
out: 1
END
out: 0
BEGIN SIM           7
END
BEGIN SIM           8
out: 1
END
out: 0
BEGIN SIM           9
out: 1
END
out: 0
BEGIN SIM          10
out: 1
END
out: 0
BEGIN SIM          11
END
BEGIN SIM          12
END
BEGIN SIM          13
END
BEGIN SIM          14
END
BEGIN SIM          15
out: 1
END
out: 0
BEGIN SIM          16
END
BEGIN SIM          17
END
BEGIN SIM          18
END
BEGIN SIM          19
out: 1
END
out: 0
BEGIN SIM          20
out: 1
END
out: 0
BEGIN SIM          21
out: 1
END
out: 0
BEGIN SIM          22
out: 1
END
out: 0
BEGIN SIM          23
END
BEGIN SIM          24
out: 1
END
out: 0
BEGIN SIM          25
out: 1
END
out: 0
BEGIN SIM          26
out: 1
END
out: 0
BEGIN SIM          27
END
BEGIN SIM          28
END
BEGIN SIM          29
END
BEGIN SIM          30
END
BEGIN SIM          31
out: 1
END
out: 0
BEGIN SIM          32
END
BEGIN SIM          33
END
BEGIN SIM          34
END
BEGIN SIM          35
out: 1
END
out: 0
BEGIN SIM          36
out: 1
END
out: 0
BEGIN SIM          37
out: 1
END
out: 0
BEGIN SIM          38
out: 1
END
out: 0
BEGIN SIM          39
END
BEGIN SIM          40
out: 1
END
out: 0
BEGIN SIM          41
out: 1
END
out: 0
BEGIN SIM          42
out: 1
END
out: 0
BEGIN SIM          43
END
BEGIN SIM          44
END
BEGIN SIM          45
END
BEGIN SIM          46
END
BEGIN SIM          47
out: 1
END
BEGIN SIM          48
out: 0
END
out: 1
BEGIN SIM          49
out: 0
END
out: 1
BEGIN SIM          50
out: 0
END
out: 1
BEGIN SIM          51
END
BEGIN SIM          52
END
BEGIN SIM          53
END
BEGIN SIM          54
END
BEGIN SIM          55
out: 0
END
out: 1
BEGIN SIM          56
END
BEGIN SIM          57
END
BEGIN SIM          58
END
BEGIN SIM          59
out: 0
END
out: 1
BEGIN SIM          60
out: 0
END
out: 1
BEGIN SIM          61
out: 0
END
out: 1
BEGIN SIM          62
out: 0
END
out: 1
BEGIN SIM          63
END
BEGIN SIM          64
out: 0
END
out: 1
BEGIN SIM          65
out: 0
END
out: 1
BEGIN SIM          66
out: 0
END
out: 1
BEGIN SIM          67
END
BEGIN SIM          68
END
BEGIN SIM          69
END
BEGIN SIM          70
END
BEGIN SIM          71
out: 0
END
out: 1
BEGIN SIM          72
END
BEGIN SIM          73
END
BEGIN SIM          74
END
BEGIN SIM          75
out: 0
END
out: 1
BEGIN SIM          76
out: 0
END
out: 1
BEGIN SIM          77
out: 0
END
out: 1
BEGIN SIM          78
out: 0
END
out: 1
BEGIN SIM          79
END
BEGIN SIM          80
out: 0
END
out: 1
BEGIN SIM          81
out: 0
END
out: 1
BEGIN SIM          82
out: 0
END
out: 1
BEGIN SIM          83
END
BEGIN SIM          84
END
BEGIN SIM          85
END
BEGIN SIM          86
END
BEGIN SIM          87
out: 0
END
out: 1
BEGIN SIM          88
END
BEGIN SIM          89
END
BEGIN SIM          90
END
BEGIN SIM          91
out: 0
END
out: 1
BEGIN SIM          92
out: 0
END
out: 1
BEGIN SIM          93
out: 0
END
out: 1
BEGIN SIM          94
out: 0
END
out: 1
BEGIN SIM          95
END
BEGIN SIM          96
out: 0
END
out: 1
BEGIN SIM          97
out: 0
END
out: 1
BEGIN SIM          98
out: 0
END
out: 1
BEGIN SIM          99
END
BEGIN SIM         100
END
BEGIN SIM         101
END
BEGIN SIM         102
END
BEGIN SIM         103
out: 0
END
out: 1
BEGIN SIM         104
END
BEGIN SIM         105
END
BEGIN SIM         106
END
BEGIN SIM         107
out: 0
END
out: 1
BEGIN SIM         108
out: 0
END
out: 1
BEGIN SIM         109
out: 0
END
out: 1
BEGIN SIM         110
out: 0
END
out: 1
BEGIN SIM         111
END
out: 0
BEGIN SIM         112
END
BEGIN SIM         113
END
BEGIN SIM         114
END
BEGIN SIM         115
out: 1
END
out: 0
BEGIN SIM         116
out: 1
END
out: 0
BEGIN SIM         117
out: 1
END
out: 0
BEGIN SIM         118
out: 1
END
out: 0
BEGIN SIM         119
END
BEGIN SIM         120
out: 1
END
out: 0
BEGIN SIM         121
out: 1
END
out: 0
BEGIN SIM         122
out: 1
END
out: 0
BEGIN SIM         123
END
BEGIN SIM         124
END
BEGIN SIM         125
END
BEGIN SIM         126
END
BEGIN SIM         127
out: 1
END
BEGIN SIM         128
out: 0
END
out: 1
BEGIN SIM         129
out: 0
END
out: 1
BEGIN SIM         130
out: 0
END
out: 1
BEGIN SIM         131
END
BEGIN SIM         132
END
BEGIN SIM         133
END
BEGIN SIM         134
END
BEGIN SIM         135
out: 0
END
out: 1
BEGIN SIM         136
END
BEGIN SIM         137
END
BEGIN SIM         138
END
BEGIN SIM         139
out: 0
END
out: 1
BEGIN SIM         140
out: 0
END
out: 1
BEGIN SIM         141
out: 0
END
out: 1
BEGIN SIM         142
out: 0
END
out: 1
BEGIN SIM         143
END
BEGIN SIM         144
out: 0
END
out: 1
BEGIN SIM         145
out: 0
END
out: 1
BEGIN SIM         146
out: 0
END
out: 1
BEGIN SIM         147
END
BEGIN SIM         148
END
BEGIN SIM         149
END
BEGIN SIM         150
END
BEGIN SIM         151
out: 0
END
out: 1
BEGIN SIM         152
END
BEGIN SIM         153
END
BEGIN SIM         154
END
BEGIN SIM         155
out: 0
END
out: 1
BEGIN SIM         156
out: 0
END
out: 1
BEGIN SIM         157
out: 0
END
out: 1
BEGIN SIM         158
out: 0
END
out: 1
BEGIN SIM         159
END
BEGIN SIM         160
out: 0
END
out: 1
BEGIN SIM         161
out: 0
END
out: 1
BEGIN SIM         162
out: 0
END
out: 1
BEGIN SIM         163
END
BEGIN SIM         164
END
BEGIN SIM         165
END
BEGIN SIM         166
END
BEGIN SIM         167
out: 0
END
out: 1
BEGIN SIM         168
END
BEGIN SIM         169
END
BEGIN SIM         170
END
BEGIN SIM         171
out: 0
END
out: 1
BEGIN SIM         172
out: 0
END
out: 1
BEGIN SIM         173
out: 0
END
out: 1
BEGIN SIM         174
out: 0
END
out: 1
BEGIN SIM         175
END
out: 0
BEGIN SIM         176
END
BEGIN SIM         177
END
BEGIN SIM         178
END
BEGIN SIM         179
out: 1
END
out: 0
BEGIN SIM         180
out: 1
END
out: 0
BEGIN SIM         181
out: 1
END
out: 0
BEGIN SIM         182
out: 1
END
out: 0
BEGIN SIM         183
END
BEGIN SIM         184
out: 1
END
out: 0
BEGIN SIM         185
out: 1
END
out: 0
BEGIN SIM         186
out: 1
END
out: 0
BEGIN SIM         187
END
BEGIN SIM         188
END
BEGIN SIM         189
END
BEGIN SIM         190
END
BEGIN SIM         191
out: 1
END
out: 0
BEGIN SIM         192
END
BEGIN SIM         193
END
BEGIN SIM         194
END
BEGIN SIM         195
out: 1
END
out: 0
BEGIN SIM         196
out: 1
END
out: 0
BEGIN SIM         197
out: 1
END
out: 0
BEGIN SIM         198
out: 1
END
out: 0
BEGIN SIM         199
END
BEGIN SIM         200
out: 1
END
out: 0
BEGIN SIM         201
out: 1
END
out: 0
BEGIN SIM         202
out: 1
END
out: 0
BEGIN SIM         203
END
BEGIN SIM         204
END
BEGIN SIM         205
END
BEGIN SIM         206
END
BEGIN SIM         207
out: 1
END
out: 0
BEGIN SIM         208
END
BEGIN SIM         209
END
BEGIN SIM         210
END
BEGIN SIM         211
out: 1
END
out: 0
BEGIN SIM         212
out: 1
END
out: 0
BEGIN SIM         213
out: 1
END
out: 0
BEGIN SIM         214
out: 1
END
out: 0
BEGIN SIM         215
END
BEGIN SIM         216
out: 1
END
out: 0
BEGIN SIM         217
out: 1
END
out: 0
BEGIN SIM         218
out: 1
END
out: 0
BEGIN SIM         219
END
BEGIN SIM         220
END
BEGIN SIM         221
END
BEGIN SIM         222
END
BEGIN SIM         223
out: 1
END
out: 0
BEGIN SIM         224
END
BEGIN SIM         225
END
BEGIN SIM         226
END
BEGIN SIM         227
out: 1
END
out: 0
BEGIN SIM         228
out: 1
END
out: 0
BEGIN SIM         229
out: 1
END
out: 0
BEGIN SIM         230
out: 1
END
out: 0
BEGIN SIM         231
END
BEGIN SIM         232
out: 1
END
out: 0
BEGIN SIM         233
out: 1
END
out: 0
BEGIN SIM         234
out: 1
END
out: 0
BEGIN SIM         235
END
BEGIN SIM         236
END
BEGIN SIM         237
END
BEGIN SIM         238
END
BEGIN SIM         239
out: 1
END
BEGIN SIM         240
out: 0
END
out: 1
BEGIN SIM         241
out: 0
END
out: 1
BEGIN SIM         242
out: 0
END
out: 1
BEGIN SIM         243
END
BEGIN SIM         244
END
BEGIN SIM         245
END
BEGIN SIM         246
END
BEGIN SIM         247
out: 0
END
out: 1
BEGIN SIM         248
END
BEGIN SIM         249
END
BEGIN SIM         250
END
BEGIN SIM         251
out: 0
END
out: 1
BEGIN SIM         252
out: 0
END
out: 1
BEGIN SIM         253
out: 0
END
out: 1
BEGIN SIM         254
out: 0
END
out: 1
BEGIN SIM         255
END
